{"/Users/justinkwan/hatchways-messenger/client/src/App.js": {"path":"/Users/justinkwan/hatchways-messenger/client/src/App.js","statementMap":{"0":{"start":{"line":13,"column":34},"end":{"line":13,"column":72}},"1":{"start":{"line":14,"column":28},"end":{"line":14,"column":40}},"2":{"start":{"line":16,"column":2},"end":{"line":27,"column":4}}},"fnMap":{"0":{"name":"App","decl":{"start":{"line":12,"column":9},"end":{"line":12,"column":12}},"loc":{"start":{"line":12,"column":15},"end":{"line":28,"column":1}},"line":12}},"branchMap":{},"s":{"0":1,"1":1,"2":1},"f":{"0":1},"b":{},"_coverageSchema":"1a1c01bbd47fc00a2c39e90264f33305004495a9","hash":"e27dfe7c181cc57f36f097fe6d283148f770b9a3"}
,"/Users/justinkwan/hatchways-messenger/client/src/enzyme.js": {"path":"/Users/justinkwan/hatchways-messenger/client/src/enzyme.js","statementMap":{"0":{"start":{"line":4,"column":0},"end":{"line":4,"column":38}}},"fnMap":{},"branchMap":{},"s":{"0":1},"f":{},"b":{},"_coverageSchema":"1a1c01bbd47fc00a2c39e90264f33305004495a9","hash":"0e5d82af35dab5ee9c774e6d9fa700b39801eb2d"}
,"/Users/justinkwan/hatchways-messenger/client/src/pages/Dashboard.jsx": {"path":"/Users/justinkwan/hatchways-messenger/client/src/pages/Dashboard.jsx","statementMap":{"0":{"start":{"line":12,"column":18},"end":{"line":12,"column":30}},"1":{"start":{"line":14,"column":2},"end":{"line":17,"column":9}},"2":{"start":{"line":15,"column":17},"end":{"line":15,"column":45}},"3":{"start":{"line":16,"column":4},"end":{"line":16,"column":39}},"4":{"start":{"line":16,"column":15},"end":{"line":16,"column":39}},"5":{"start":{"line":19,"column":2},"end":{"line":33,"column":4}},"6":{"start":{"line":26,"column":10},"end":{"line":26,"column":42}},"7":{"start":{"line":27,"column":10},"end":{"line":27,"column":33}}},"fnMap":{"0":{"name":"Dashboard","decl":{"start":{"line":11,"column":24},"end":{"line":11,"column":33}},"loc":{"start":{"line":11,"column":36},"end":{"line":34,"column":1}},"line":11},"1":{"name":"(anonymous_1)","decl":{"start":{"line":14,"column":12},"end":{"line":14,"column":13}},"loc":{"start":{"line":14,"column":18},"end":{"line":17,"column":3}},"line":14},"2":{"name":"(anonymous_2)","decl":{"start":{"line":25,"column":17},"end":{"line":25,"column":18}},"loc":{"start":{"line":25,"column":23},"end":{"line":28,"column":9}},"line":25}},"branchMap":{"0":{"loc":{"start":{"line":16,"column":4},"end":{"line":16,"column":39}},"type":"if","locations":[{"start":{"line":16,"column":4},"end":{"line":16,"column":39}},{"start":{"line":16,"column":4},"end":{"line":16,"column":39}}],"line":16}},"s":{"0":0,"1":0,"2":0,"3":0,"4":0,"5":0,"6":0,"7":0},"f":{"0":0,"1":0,"2":0},"b":{"0":[0,0]},"_coverageSchema":"1a1c01bbd47fc00a2c39e90264f33305004495a9","hash":"c68d409b19f2406de2f7e107bdec68356bb0ed58"}
,"/Users/justinkwan/hatchways-messenger/client/src/pages/Login.jsx": {"path":"/Users/justinkwan/hatchways-messenger/client/src/pages/Login.jsx","statementMap":{"0":{"start":{"line":26,"column":18},"end":{"line":69,"column":3}},"1":{"start":{"line":26,"column":39},"end":{"line":69,"column":1}},"2":{"start":{"line":73,"column":18},"end":{"line":73,"column":30}},"3":{"start":{"line":75,"column":16},"end":{"line":83,"column":3}},"4":{"start":{"line":76,"column":4},"end":{"line":76,"column":33}},"5":{"start":{"line":77,"column":16},"end":{"line":79,"column":29}},"6":{"start":{"line":79,"column":18},"end":{"line":79,"column":28}},"7":{"start":{"line":80,"column":4},"end":{"line":80,"column":43}},"8":{"start":{"line":81,"column":4},"end":{"line":81,"column":45}},"9":{"start":{"line":82,"column":4},"end":{"line":82,"column":31}},"10":{"start":{"line":84,"column":2},"end":{"line":84,"column":15}},"11":{"start":{"line":88,"column":18},"end":{"line":88,"column":29}},"12":{"start":{"line":89,"column":26},"end":{"line":89,"column":41}},"13":{"start":{"line":91,"column":18},"end":{"line":91,"column":30}},"14":{"start":{"line":93,"column":2},"end":{"line":96,"column":9}},"15":{"start":{"line":94,"column":17},"end":{"line":94,"column":45}},"16":{"start":{"line":95,"column":4},"end":{"line":95,"column":41}},"17":{"start":{"line":95,"column":14},"end":{"line":95,"column":41}},"18":{"start":{"line":98,"column":16},"end":{"line":98,"column":26}},"19":{"start":{"line":100,"column":22},"end":{"line":103,"column":3}},"20":{"start":{"line":101,"column":4},"end":{"line":101,"column":39}},"21":{"start":{"line":101,"column":32},"end":{"line":101,"column":39}},"22":{"start":{"line":102,"column":4},"end":{"line":102,"column":18}},"23":{"start":{"line":106,"column":2},"end":{"line":216,"column":4}},"24":{"start":{"line":133,"column":16},"end":{"line":133,"column":28}},"25":{"start":{"line":134,"column":16},"end":{"line":144,"column":18}},"26":{"start":{"line":137,"column":20},"end":{"line":137,"column":49}},"27":{"start":{"line":138,"column":20},"end":{"line":138,"column":27}},"28":{"start":{"line":141,"column":20},"end":{"line":141,"column":41}},"29":{"start":{"line":142,"column":20},"end":{"line":142,"column":37}},"30":{"start":{"line":148,"column":16},"end":{"line":204,"column":23}}},"fnMap":{"0":{"name":"(anonymous_0)","decl":{"start":{"line":26,"column":29},"end":{"line":26,"column":30}},"loc":{"start":{"line":26,"column":39},"end":{"line":69,"column":1}},"line":26},"1":{"name":"useLogin","decl":{"start":{"line":72,"column":9},"end":{"line":72,"column":17}},"loc":{"start":{"line":72,"column":20},"end":{"line":85,"column":1}},"line":72},"2":{"name":"(anonymous_2)","decl":{"start":{"line":75,"column":16},"end":{"line":75,"column":17}},"loc":{"start":{"line":75,"column":43},"end":{"line":83,"column":3}},"line":75},"3":{"name":"(anonymous_3)","decl":{"start":{"line":79,"column":11},"end":{"line":79,"column":12}},"loc":{"start":{"line":79,"column":18},"end":{"line":79,"column":28}},"line":79},"4":{"name":"Login","decl":{"start":{"line":87,"column":24},"end":{"line":87,"column":29}},"loc":{"start":{"line":87,"column":32},"end":{"line":217,"column":1}},"line":87},"5":{"name":"(anonymous_5)","decl":{"start":{"line":93,"column":12},"end":{"line":93,"column":13}},"loc":{"start":{"line":93,"column":18},"end":{"line":96,"column":3}},"line":93},"6":{"name":"(anonymous_6)","decl":{"start":{"line":100,"column":22},"end":{"line":100,"column":23}},"loc":{"start":{"line":100,"column":41},"end":{"line":103,"column":3}},"line":100},"7":{"name":"(anonymous_7)","decl":{"start":{"line":132,"column":24},"end":{"line":132,"column":25}},"loc":{"start":{"line":132,"column":79},"end":{"line":145,"column":15}},"line":132},"8":{"name":"(anonymous_8)","decl":{"start":{"line":135,"column":18},"end":{"line":135,"column":19}},"loc":{"start":{"line":135,"column":24},"end":{"line":139,"column":19}},"line":135},"9":{"name":"(anonymous_9)","decl":{"start":{"line":140,"column":18},"end":{"line":140,"column":19}},"loc":{"start":{"line":140,"column":27},"end":{"line":143,"column":19}},"line":140},"10":{"name":"(anonymous_10)","decl":{"start":{"line":147,"column":15},"end":{"line":147,"column":16}},"loc":{"start":{"line":148,"column":16},"end":{"line":204,"column":23}},"line":148}},"branchMap":{"0":{"loc":{"start":{"line":95,"column":4},"end":{"line":95,"column":41}},"type":"if","locations":[{"start":{"line":95,"column":4},"end":{"line":95,"column":41}},{"start":{"line":95,"column":4},"end":{"line":95,"column":41}}],"line":95},"1":{"loc":{"start":{"line":101,"column":4},"end":{"line":101,"column":39}},"type":"if","locations":[{"start":{"line":101,"column":4},"end":{"line":101,"column":39}},{"start":{"line":101,"column":4},"end":{"line":101,"column":39}}],"line":101},"2":{"loc":{"start":{"line":169,"column":32},"end":{"line":169,"column":65}},"type":"cond-expr","locations":[{"start":{"line":169,"column":48},"end":{"line":169,"column":60}},{"start":{"line":169,"column":63},"end":{"line":169,"column":65}}],"line":169},"3":{"loc":{"start":{"line":170,"column":27},"end":{"line":170,"column":65}},"type":"binary-expr","locations":[{"start":{"line":170,"column":27},"end":{"line":170,"column":40}},{"start":{"line":170,"column":44},"end":{"line":170,"column":65}}],"line":170},"4":{"loc":{"start":{"line":196,"column":32},"end":{"line":196,"column":71}},"type":"cond-expr","locations":[{"start":{"line":196,"column":51},"end":{"line":196,"column":66}},{"start":{"line":196,"column":69},"end":{"line":196,"column":71}}],"line":196},"5":{"loc":{"start":{"line":197,"column":27},"end":{"line":197,"column":71}},"type":"binary-expr","locations":[{"start":{"line":197,"column":27},"end":{"line":197,"column":43}},{"start":{"line":197,"column":47},"end":{"line":197,"column":71}}],"line":197}},"s":{"0":2,"1":1,"2":2,"3":2,"4":0,"5":0,"6":0,"7":0,"8":0,"9":0,"10":2,"11":2,"12":2,"13":2,"14":2,"15":0,"16":0,"17":0,"18":2,"19":2,"20":0,"21":0,"22":0,"23":2,"24":0,"25":0,"26":0,"27":0,"28":0,"29":0,"30":0},"f":{"0":1,"1":2,"2":0,"3":0,"4":2,"5":0,"6":0,"7":0,"8":0,"9":0,"10":0},"b":{"0":[0,0],"1":[0,0],"2":[0,0],"3":[0,0],"4":[0,0],"5":[0,0]},"_coverageSchema":"1a1c01bbd47fc00a2c39e90264f33305004495a9","hash":"f16c866767c6d46c223e8e371cc05ed52a590ac7"}
,"/Users/justinkwan/hatchways-messenger/client/src/pages/Signup.jsx": {"path":"/Users/justinkwan/hatchways-messenger/client/src/pages/Signup.jsx","statementMap":{"0":{"start":{"line":26,"column":18},"end":{"line":65,"column":3}},"1":{"start":{"line":26,"column":39},"end":{"line":65,"column":1}},"2":{"start":{"line":68,"column":18},"end":{"line":68,"column":30}},"3":{"start":{"line":70,"column":16},"end":{"line":79,"column":3}},"4":{"start":{"line":71,"column":4},"end":{"line":71,"column":33}},"5":{"start":{"line":72,"column":16},"end":{"line":74,"column":29}},"6":{"start":{"line":74,"column":18},"end":{"line":74,"column":28}},"7":{"start":{"line":75,"column":4},"end":{"line":75,"column":21}},"8":{"start":{"line":76,"column":4},"end":{"line":76,"column":43}},"9":{"start":{"line":77,"column":4},"end":{"line":77,"column":45}},"10":{"start":{"line":78,"column":4},"end":{"line":78,"column":31}},"11":{"start":{"line":80,"column":2},"end":{"line":80,"column":15}},"12":{"start":{"line":84,"column":18},"end":{"line":84,"column":29}},"13":{"start":{"line":85,"column":26},"end":{"line":85,"column":47}},"14":{"start":{"line":87,"column":19},"end":{"line":87,"column":32}},"15":{"start":{"line":89,"column":22},"end":{"line":92,"column":3}},"16":{"start":{"line":90,"column":4},"end":{"line":90,"column":39}},"17":{"start":{"line":90,"column":32},"end":{"line":90,"column":39}},"18":{"start":{"line":91,"column":4},"end":{"line":91,"column":18}},"19":{"start":{"line":94,"column":18},"end":{"line":94,"column":30}},"20":{"start":{"line":96,"column":2},"end":{"line":99,"column":9}},"21":{"start":{"line":97,"column":17},"end":{"line":97,"column":45}},"22":{"start":{"line":98,"column":4},"end":{"line":98,"column":41}},"23":{"start":{"line":98,"column":14},"end":{"line":98,"column":41}},"24":{"start":{"line":101,"column":2},"end":{"line":232,"column":4}},"25":{"start":{"line":134,"column":16},"end":{"line":134,"column":28}},"26":{"start":{"line":135,"column":16},"end":{"line":145,"column":18}},"27":{"start":{"line":138,"column":20},"end":{"line":138,"column":59}},"28":{"start":{"line":139,"column":20},"end":{"line":139,"column":27}},"29":{"start":{"line":142,"column":20},"end":{"line":142,"column":41}},"30":{"start":{"line":143,"column":20},"end":{"line":143,"column":37}},"31":{"start":{"line":149,"column":16},"end":{"line":220,"column":23}}},"fnMap":{"0":{"name":"(anonymous_0)","decl":{"start":{"line":26,"column":29},"end":{"line":26,"column":30}},"loc":{"start":{"line":26,"column":39},"end":{"line":65,"column":1}},"line":26},"1":{"name":"useRegister","decl":{"start":{"line":67,"column":9},"end":{"line":67,"column":20}},"loc":{"start":{"line":67,"column":23},"end":{"line":81,"column":1}},"line":67},"2":{"name":"(anonymous_2)","decl":{"start":{"line":70,"column":16},"end":{"line":70,"column":17}},"loc":{"start":{"line":70,"column":53},"end":{"line":79,"column":3}},"line":70},"3":{"name":"(anonymous_3)","decl":{"start":{"line":74,"column":11},"end":{"line":74,"column":12}},"loc":{"start":{"line":74,"column":18},"end":{"line":74,"column":28}},"line":74},"4":{"name":"Register","decl":{"start":{"line":83,"column":24},"end":{"line":83,"column":32}},"loc":{"start":{"line":83,"column":35},"end":{"line":233,"column":1}},"line":83},"5":{"name":"(anonymous_5)","decl":{"start":{"line":89,"column":22},"end":{"line":89,"column":23}},"loc":{"start":{"line":89,"column":41},"end":{"line":92,"column":3}},"line":89},"6":{"name":"(anonymous_6)","decl":{"start":{"line":96,"column":12},"end":{"line":96,"column":13}},"loc":{"start":{"line":96,"column":18},"end":{"line":99,"column":3}},"line":96},"7":{"name":"(anonymous_7)","decl":{"start":{"line":130,"column":24},"end":{"line":130,"column":25}},"loc":{"start":{"line":133,"column":19},"end":{"line":146,"column":15}},"line":133},"8":{"name":"(anonymous_8)","decl":{"start":{"line":136,"column":18},"end":{"line":136,"column":19}},"loc":{"start":{"line":136,"column":24},"end":{"line":140,"column":19}},"line":136},"9":{"name":"(anonymous_9)","decl":{"start":{"line":141,"column":18},"end":{"line":141,"column":19}},"loc":{"start":{"line":141,"column":27},"end":{"line":144,"column":19}},"line":141},"10":{"name":"(anonymous_10)","decl":{"start":{"line":148,"column":15},"end":{"line":148,"column":16}},"loc":{"start":{"line":149,"column":16},"end":{"line":220,"column":23}},"line":149}},"branchMap":{"0":{"loc":{"start":{"line":90,"column":4},"end":{"line":90,"column":39}},"type":"if","locations":[{"start":{"line":90,"column":4},"end":{"line":90,"column":39}},{"start":{"line":90,"column":4},"end":{"line":90,"column":39}}],"line":90},"1":{"loc":{"start":{"line":98,"column":4},"end":{"line":98,"column":41}},"type":"if","locations":[{"start":{"line":98,"column":4},"end":{"line":98,"column":41}},{"start":{"line":98,"column":4},"end":{"line":98,"column":41}}],"line":98},"2":{"loc":{"start":{"line":171,"column":32},"end":{"line":171,"column":71}},"type":"cond-expr","locations":[{"start":{"line":171,"column":51},"end":{"line":171,"column":66}},{"start":{"line":171,"column":69},"end":{"line":171,"column":71}}],"line":171},"3":{"loc":{"start":{"line":172,"column":27},"end":{"line":172,"column":71}},"type":"binary-expr","locations":[{"start":{"line":172,"column":27},"end":{"line":172,"column":43}},{"start":{"line":172,"column":47},"end":{"line":172,"column":71}}],"line":172},"4":{"loc":{"start":{"line":191,"column":32},"end":{"line":191,"column":65}},"type":"cond-expr","locations":[{"start":{"line":191,"column":48},"end":{"line":191,"column":60}},{"start":{"line":191,"column":63},"end":{"line":191,"column":65}}],"line":191},"5":{"loc":{"start":{"line":192,"column":27},"end":{"line":192,"column":65}},"type":"binary-expr","locations":[{"start":{"line":192,"column":27},"end":{"line":192,"column":40}},{"start":{"line":192,"column":44},"end":{"line":192,"column":65}}],"line":192},"6":{"loc":{"start":{"line":213,"column":32},"end":{"line":213,"column":71}},"type":"cond-expr","locations":[{"start":{"line":213,"column":51},"end":{"line":213,"column":66}},{"start":{"line":213,"column":69},"end":{"line":213,"column":71}}],"line":213},"7":{"loc":{"start":{"line":214,"column":27},"end":{"line":214,"column":71}},"type":"binary-expr","locations":[{"start":{"line":214,"column":27},"end":{"line":214,"column":43}},{"start":{"line":214,"column":47},"end":{"line":214,"column":71}}],"line":214}},"s":{"0":1,"1":1,"2":1,"3":1,"4":0,"5":0,"6":0,"7":0,"8":0,"9":0,"10":0,"11":1,"12":1,"13":1,"14":1,"15":1,"16":0,"17":0,"18":0,"19":1,"20":1,"21":1,"22":1,"23":0,"24":1,"25":0,"26":0,"27":0,"28":0,"29":0,"30":0,"31":1},"f":{"0":1,"1":1,"2":0,"3":0,"4":1,"5":0,"6":1,"7":0,"8":0,"9":0,"10":1},"b":{"0":[0,0],"1":[0,1],"2":[0,1],"3":[1,0],"4":[0,1],"5":[1,0],"6":[0,1],"7":[1,0]},"_coverageSchema":"1a1c01bbd47fc00a2c39e90264f33305004495a9","hash":"e86ce53b5d0ef7eac8d3d937c7bcf91cf3ac9be4"}
,"/Users/justinkwan/hatchways-messenger/client/src/pages/components/AccountButton.jsx": {"path":"/Users/justinkwan/hatchways-messenger/client/src/pages/components/AccountButton.jsx","statementMap":{"0":{"start":{"line":7,"column":18},"end":{"line":19,"column":3}},"1":{"start":{"line":7,"column":39},"end":{"line":19,"column":1}},"2":{"start":{"line":22,"column":18},"end":{"line":22,"column":29}},"3":{"start":{"line":24,"column":2},"end":{"line":31,"column":3}}},"fnMap":{"0":{"name":"(anonymous_0)","decl":{"start":{"line":7,"column":29},"end":{"line":7,"column":30}},"loc":{"start":{"line":7,"column":39},"end":{"line":19,"column":1}},"line":7},"1":{"name":"AccountButton","decl":{"start":{"line":21,"column":24},"end":{"line":21,"column":37}},"loc":{"start":{"line":21,"column":45},"end":{"line":32,"column":1}},"line":21}},"branchMap":{},"s":{"0":2,"1":1,"2":1,"3":1},"f":{"0":1,"1":1},"b":{},"_coverageSchema":"1a1c01bbd47fc00a2c39e90264f33305004495a9","hash":"ad95e20ca99699e71a83a87fb40918ff2014e58d"}
,"/Users/justinkwan/hatchways-messenger/client/src/pages/components/AccountNavButtons.jsx": {"path":"/Users/justinkwan/hatchways-messenger/client/src/pages/components/AccountNavButtons.jsx","statementMap":{"0":{"start":{"line":12,"column":18},"end":{"line":18,"column":3}},"1":{"start":{"line":12,"column":39},"end":{"line":18,"column":1}},"2":{"start":{"line":22,"column":18},"end":{"line":22,"column":29}},"3":{"start":{"line":24,"column":2},"end":{"line":31,"column":3}}},"fnMap":{"0":{"name":"(anonymous_0)","decl":{"start":{"line":12,"column":29},"end":{"line":12,"column":30}},"loc":{"start":{"line":12,"column":39},"end":{"line":18,"column":1}},"line":12},"1":{"name":"AccountNavButtons","decl":{"start":{"line":21,"column":24},"end":{"line":21,"column":41}},"loc":{"start":{"line":21,"column":49},"end":{"line":32,"column":1}},"line":21}},"branchMap":{},"s":{"0":2,"1":1,"2":1,"3":1},"f":{"0":1,"1":1},"b":{},"_coverageSchema":"1a1c01bbd47fc00a2c39e90264f33305004495a9","hash":"eaf54886213d4ce17bc42416858e36f75bdfafa7"}
,"/Users/justinkwan/hatchways-messenger/client/src/pages/components/ErrorMessage.jsx": {"path":"/Users/justinkwan/hatchways-messenger/client/src/pages/components/ErrorMessage.jsx","statementMap":{"0":{"start":{"line":15,"column":18},"end":{"line":16,"column":3}},"1":{"start":{"line":15,"column":39},"end":{"line":16,"column":1}},"2":{"start":{"line":20,"column":18},"end":{"line":20,"column":29}},"3":{"start":{"line":22,"column":2},"end":{"line":45,"column":3}}},"fnMap":{"0":{"name":"(anonymous_0)","decl":{"start":{"line":15,"column":29},"end":{"line":15,"column":30}},"loc":{"start":{"line":15,"column":39},"end":{"line":16,"column":1}},"line":15},"1":{"name":"ErrorMessage","decl":{"start":{"line":19,"column":24},"end":{"line":19,"column":36}},"loc":{"start":{"line":19,"column":44},"end":{"line":46,"column":1}},"line":19}},"branchMap":{},"s":{"0":2,"1":1,"2":1,"3":1},"f":{"0":1,"1":1},"b":{},"_coverageSchema":"1a1c01bbd47fc00a2c39e90264f33305004495a9","hash":"ac1a27f2680875ffd726d6b7cc476016618a7be5"}
,"/Users/justinkwan/hatchways-messenger/client/src/pages/components/FormHeader.jsx": {"path":"/Users/justinkwan/hatchways-messenger/client/src/pages/components/FormHeader.jsx","statementMap":{"0":{"start":{"line":14,"column":18},"end":{"line":22,"column":3}},"1":{"start":{"line":14,"column":39},"end":{"line":22,"column":1}},"2":{"start":{"line":26,"column":18},"end":{"line":26,"column":29}},"3":{"start":{"line":28,"column":2},"end":{"line":40,"column":3}}},"fnMap":{"0":{"name":"(anonymous_0)","decl":{"start":{"line":14,"column":29},"end":{"line":14,"column":30}},"loc":{"start":{"line":14,"column":39},"end":{"line":22,"column":1}},"line":14},"1":{"name":"FormHeader","decl":{"start":{"line":25,"column":24},"end":{"line":25,"column":34}},"loc":{"start":{"line":25,"column":42},"end":{"line":41,"column":1}},"line":25}},"branchMap":{},"s":{"0":2,"1":1,"2":1,"3":1},"f":{"0":1,"1":1},"b":{},"_coverageSchema":"1a1c01bbd47fc00a2c39e90264f33305004495a9","hash":"4f60126f04011fe334cf74fe749a3fd4c9bfda60"}
,"/Users/justinkwan/hatchways-messenger/client/src/pages/components/LandingImage.jsx": {"path":"/Users/justinkwan/hatchways-messenger/client/src/pages/components/LandingImage.jsx","statementMap":{"0":{"start":{"line":12,"column":18},"end":{"line":38,"column":3}},"1":{"start":{"line":12,"column":39},"end":{"line":38,"column":1}},"2":{"start":{"line":41,"column":18},"end":{"line":41,"column":29}},"3":{"start":{"line":43,"column":2},"end":{"line":56,"column":3}}},"fnMap":{"0":{"name":"(anonymous_0)","decl":{"start":{"line":12,"column":29},"end":{"line":12,"column":30}},"loc":{"start":{"line":12,"column":39},"end":{"line":38,"column":1}},"line":12},"1":{"name":"LandingImage","decl":{"start":{"line":40,"column":24},"end":{"line":40,"column":36}},"loc":{"start":{"line":40,"column":39},"end":{"line":57,"column":1}},"line":40}},"branchMap":{},"s":{"0":2,"1":1,"2":1,"3":1},"f":{"0":1,"1":1},"b":{},"_coverageSchema":"1a1c01bbd47fc00a2c39e90264f33305004495a9","hash":"aec59dafa0aa6a39e00230d772f940a0c29b6841"}
,"/Users/justinkwan/hatchways-messenger/client/src/pages/components/NoAccountButton.jsx": {"path":"/Users/justinkwan/hatchways-messenger/client/src/pages/components/NoAccountButton.jsx","statementMap":{"0":{"start":{"line":7,"column":18},"end":{"line":16,"column":3}},"1":{"start":{"line":7,"column":39},"end":{"line":16,"column":1}},"2":{"start":{"line":19,"column":18},"end":{"line":19,"column":29}},"3":{"start":{"line":21,"column":2},"end":{"line":28,"column":3}}},"fnMap":{"0":{"name":"(anonymous_0)","decl":{"start":{"line":7,"column":29},"end":{"line":7,"column":30}},"loc":{"start":{"line":7,"column":39},"end":{"line":16,"column":1}},"line":7},"1":{"name":"NoAccountButton","decl":{"start":{"line":18,"column":24},"end":{"line":18,"column":39}},"loc":{"start":{"line":18,"column":47},"end":{"line":29,"column":1}},"line":18}},"branchMap":{},"s":{"0":2,"1":1,"2":1,"3":1},"f":{"0":1,"1":1},"b":{},"_coverageSchema":"1a1c01bbd47fc00a2c39e90264f33305004495a9","hash":"4b7bbc218da28722e7177819419c1d98e96e57ea"}
,"/Users/justinkwan/hatchways-messenger/client/src/pages/components/SubmitButton.jsx": {"path":"/Users/justinkwan/hatchways-messenger/client/src/pages/components/SubmitButton.jsx","statementMap":{"0":{"start":{"line":10,"column":18},"end":{"line":22,"column":3}},"1":{"start":{"line":10,"column":39},"end":{"line":22,"column":1}},"2":{"start":{"line":25,"column":18},"end":{"line":25,"column":29}},"3":{"start":{"line":27,"column":2},"end":{"line":39,"column":3}}},"fnMap":{"0":{"name":"(anonymous_0)","decl":{"start":{"line":10,"column":29},"end":{"line":10,"column":30}},"loc":{"start":{"line":10,"column":39},"end":{"line":22,"column":1}},"line":10},"1":{"name":"SubmitButton","decl":{"start":{"line":24,"column":24},"end":{"line":24,"column":36}},"loc":{"start":{"line":24,"column":44},"end":{"line":40,"column":1}},"line":24}},"branchMap":{},"s":{"0":2,"1":1,"2":1,"3":1},"f":{"0":1,"1":1},"b":{},"_coverageSchema":"1a1c01bbd47fc00a2c39e90264f33305004495a9","hash":"eac18de4928d25b529315e3cae17de617f53b3fe"}
,"/Users/justinkwan/hatchways-messenger/client/src/themes/theme.js": {"path":"/Users/justinkwan/hatchways-messenger/client/src/themes/theme.js","statementMap":{"0":{"start":{"line":3,"column":21},"end":{"line":15,"column":2}}},"fnMap":{},"branchMap":{},"s":{"0":1},"f":{},"b":{},"_coverageSchema":"1a1c01bbd47fc00a2c39e90264f33305004495a9","hash":"f23abf417ee8a1c30af2f017510a17b6a6990d4d"}
}
