TN:
SF:src/App.js
FN:12,App
FNF:1
FNH:1
FNDA:1,App
DA:13,1
DA:14,1
DA:16,1
LF:3
LH:3
BRF:0
BRH:0
end_of_record
TN:
SF:src/enzyme.js
FNF:0
FNH:0
DA:4,1
LF:1
LH:1
BRF:0
BRH:0
end_of_record
TN:
SF:src/pages/Dashboard.jsx
FN:11,Dashboard
FN:14,(anonymous_1)
FN:25,(anonymous_2)
FNF:3
FNH:0
FNDA:0,Dashboard
FNDA:0,(anonymous_1)
FNDA:0,(anonymous_2)
DA:12,0
DA:14,0
DA:15,0
DA:16,0
DA:19,0
DA:26,0
DA:27,0
LF:7
LH:0
BRDA:16,0,0,0
BRDA:16,0,1,0
BRF:2
BRH:0
end_of_record
TN:
SF:src/pages/Login.jsx
FN:26,(anonymous_0)
FN:72,useLogin
FN:75,(anonymous_2)
FN:79,(anonymous_3)
FN:87,Login
FN:93,(anonymous_5)
FN:100,(anonymous_6)
FN:132,(anonymous_7)
FN:135,(anonymous_8)
FN:140,(anonymous_9)
FN:147,(anonymous_10)
FNF:11
FNH:3
FNDA:1,(anonymous_0)
FNDA:2,useLogin
FNDA:0,(anonymous_2)
FNDA:0,(anonymous_3)
FNDA:2,Login
FNDA:0,(anonymous_5)
FNDA:0,(anonymous_6)
FNDA:0,(anonymous_7)
FNDA:0,(anonymous_8)
FNDA:0,(anonymous_9)
FNDA:0,(anonymous_10)
DA:26,2
DA:73,2
DA:75,2
DA:76,0
DA:77,0
DA:79,0
DA:80,0
DA:81,0
DA:82,0
DA:84,2
DA:88,2
DA:89,2
DA:91,2
DA:93,2
DA:94,0
DA:95,0
DA:98,2
DA:100,2
DA:101,0
DA:102,0
DA:106,2
DA:133,0
DA:134,0
DA:137,0
DA:138,0
DA:141,0
DA:142,0
DA:148,0
LF:28
LH:11
BRDA:95,0,0,0
BRDA:95,0,1,0
BRDA:101,1,0,0
BRDA:101,1,1,0
BRDA:169,2,0,0
BRDA:169,2,1,0
BRDA:170,3,0,0
BRDA:170,3,1,0
BRDA:196,4,0,0
BRDA:196,4,1,0
BRDA:197,5,0,0
BRDA:197,5,1,0
BRF:12
BRH:0
end_of_record
TN:
SF:src/pages/Signup.jsx
FN:26,(anonymous_0)
FN:67,useRegister
FN:70,(anonymous_2)
FN:74,(anonymous_3)
FN:83,Register
FN:89,(anonymous_5)
FN:96,(anonymous_6)
FN:130,(anonymous_7)
FN:136,(anonymous_8)
FN:141,(anonymous_9)
FN:148,(anonymous_10)
FNF:11
FNH:5
FNDA:1,(anonymous_0)
FNDA:1,useRegister
FNDA:0,(anonymous_2)
FNDA:0,(anonymous_3)
FNDA:1,Register
FNDA:0,(anonymous_5)
FNDA:1,(anonymous_6)
FNDA:0,(anonymous_7)
FNDA:0,(anonymous_8)
FNDA:0,(anonymous_9)
FNDA:1,(anonymous_10)
DA:26,1
DA:68,1
DA:70,1
DA:71,0
DA:72,0
DA:74,0
DA:75,0
DA:76,0
DA:77,0
DA:78,0
DA:80,1
DA:84,1
DA:85,1
DA:87,1
DA:89,1
DA:90,0
DA:91,0
DA:94,1
DA:96,1
DA:97,1
DA:98,1
DA:101,1
DA:134,0
DA:135,0
DA:138,0
DA:139,0
DA:142,0
DA:143,0
DA:149,1
LF:29
LH:14
BRDA:90,0,0,0
BRDA:90,0,1,0
BRDA:98,1,0,0
BRDA:98,1,1,1
BRDA:171,2,0,0
BRDA:171,2,1,1
BRDA:172,3,0,1
BRDA:172,3,1,0
BRDA:191,4,0,0
BRDA:191,4,1,1
BRDA:192,5,0,1
BRDA:192,5,1,0
BRDA:213,6,0,0
BRDA:213,6,1,1
BRDA:214,7,0,1
BRDA:214,7,1,0
BRF:16
BRH:7
end_of_record
TN:
SF:src/pages/components/AccountButton.jsx
FN:7,(anonymous_0)
FN:21,AccountButton
FNF:2
FNH:2
FNDA:1,(anonymous_0)
FNDA:1,AccountButton
DA:7,2
DA:22,1
DA:24,1
LF:3
LH:3
BRF:0
BRH:0
end_of_record
TN:
SF:src/pages/components/AccountNavButtons.jsx
FN:12,(anonymous_0)
FN:21,AccountNavButtons
FNF:2
FNH:2
FNDA:1,(anonymous_0)
FNDA:1,AccountNavButtons
DA:12,2
DA:22,1
DA:24,1
LF:3
LH:3
BRF:0
BRH:0
end_of_record
TN:
SF:src/pages/components/ErrorMessage.jsx
FN:15,(anonymous_0)
FN:19,ErrorMessage
FNF:2
FNH:2
FNDA:1,(anonymous_0)
FNDA:1,ErrorMessage
DA:15,2
DA:20,1
DA:22,1
LF:3
LH:3
BRF:0
BRH:0
end_of_record
TN:
SF:src/pages/components/FormHeader.jsx
FN:14,(anonymous_0)
FN:25,FormHeader
FNF:2
FNH:2
FNDA:1,(anonymous_0)
FNDA:1,FormHeader
DA:14,2
DA:26,1
DA:28,1
LF:3
LH:3
BRF:0
BRH:0
end_of_record
TN:
SF:src/pages/components/LandingImage.jsx
FN:12,(anonymous_0)
FN:40,LandingImage
FNF:2
FNH:2
FNDA:1,(anonymous_0)
FNDA:1,LandingImage
DA:12,2
DA:41,1
DA:43,1
LF:3
LH:3
BRF:0
BRH:0
end_of_record
TN:
SF:src/pages/components/NoAccountButton.jsx
FN:7,(anonymous_0)
FN:18,NoAccountButton
FNF:2
FNH:2
FNDA:1,(anonymous_0)
FNDA:1,NoAccountButton
DA:7,2
DA:19,1
DA:21,1
LF:3
LH:3
BRF:0
BRH:0
end_of_record
TN:
SF:src/pages/components/SubmitButton.jsx
FN:10,(anonymous_0)
FN:24,SubmitButton
FNF:2
FNH:2
FNDA:1,(anonymous_0)
FNDA:1,SubmitButton
DA:10,2
DA:25,1
DA:27,1
LF:3
LH:3
BRF:0
BRH:0
end_of_record
TN:
SF:src/themes/theme.js
FNF:0
FNH:0
DA:3,1
LF:1
LH:1
BRF:0
BRH:0
end_of_record
